OUTGROUP
1 + n48
2 + n54
END
OUTGROUP
1 + n49
2 + n48
END
OUTGROUP
1 + n50
2 + n61
END
OUTGROUP
1 + n51
2 + n51
END
OUTGROUP
1 + n52
2 + n55
END
OUTGROUP
1 + n53
2 + n60
END
OUTGROUP
1 + n54
2 + n56
END
OUTGROUP
1 + n55
2 + n49
END
OUTGROUP
1 + n56
2 + n53
END
OUTGROUP
1 + n57
2 + n50
END
OUTGROUP
1 + n58
2 + n59
END
OUTGROUP
1 + n59
2 + n58
END
OUTGROUP
1 + n60
2 + n62
END
OUTGROUP
1 + n61
2 + n63
END
OUTGROUP
1 + n62
2 + n57
END
OUTGROUP
1 + n63
2 + n52
END
INGROUP
1 + n0
2 + n8
2 + n12
END
INGROUP
1 + n1
END
INGROUP
1 + n2
END
INGROUP
1 + n3
2 + n35
END
INGROUP
1 + n4
END
INGROUP
1 + n5
2 + n10
END
INGROUP
1 + n6
END
INGROUP
1 + n7
2 + n7
END
INGROUP
1 + n8
2 + n16
2 + n20
END
INGROUP
1 + n9
END
INGROUP
1 + n10
END
INGROUP
1 + n11
2 + n23
END
INGROUP
1 + n12
2 + n47
END
INGROUP
1 + n13
2 + n30
END
INGROUP
1 + n14
2 + n37
END
INGROUP
1 + n15
2 + n31
END
INGROUP
1 + n16
2 + n41
END
INGROUP
1 + n17
2 + n13
END
INGROUP
1 + n18
END
INGROUP
1 + n19
END
INGROUP
1 + n20
2 + n24
END
INGROUP
1 + n21
2 + n42
END
INGROUP
1 + n22
2 + n3
END
INGROUP
1 + n23
2 + n4
END
INGROUP
1 + n24
2 + n33
END
INGROUP
1 + n25
2 + n45
END
INGROUP
1 + n26
2 + n27
END
INGROUP
1 + n27
2 + n6
END
INGROUP
1 + n28
2 + n18
END
INGROUP
1 + n29
END
INGROUP
1 + n30
END
INGROUP
1 + n31
2 + n25
END
INGROUP
1 + n32
2 + n46
END
INGROUP
1 + n33
2 + n32
END
INGROUP
1 + n34
2 + n39
END
INGROUP
1 + n35
END
INGROUP
1 + n36
2 + n38
END
INGROUP
1 + n37
2 + n5
END
INGROUP
1 + n38
2 + n43
END
INGROUP
1 + n39
2 + n44
END
INGROUP
1 + n40
2 + n2
END
INGROUP
1 + n41
2 + n22
END
INGROUP
1 + n42
END
INGROUP
1 + n43
2 + n34
END
INGROUP
1 + n44
END
INGROUP
1 + n45
END
INGROUP
1 + n46
2 + n29
END
INGROUP
1 + n47
2 - n0
2 + n36
END
CONST0GROUP
2 - n1
2 + n9
2 + n11
2 + n14
2 + n15
2 + n17
2 - n19
2 - n21
2 + n26
2 + n28
2 - n40
END
