OUTGROUP
1 + n16
2 + n31
END
OUTGROUP
1 + n17
2 + n17
END
OUTGROUP
1 + n18
2 + n22
END
OUTGROUP
1 + n19
2 + n21
END
OUTGROUP
1 + n20
2 + n29
END
OUTGROUP
1 + n21
2 + n19
END
OUTGROUP
1 + n22
2 + n24
END
OUTGROUP
1 + n23
2 + n28
END
OUTGROUP
1 + n24
2 + n27
END
OUTGROUP
1 + n25
2 + n23
END
OUTGROUP
1 + n26
2 + n20
END
OUTGROUP
1 + n27
2 + n16
END
OUTGROUP
1 + n28
2 + n30
END
OUTGROUP
1 + n29
2 + n25
END
OUTGROUP
1 + n30
2 + n18
END
OUTGROUP
1 + n31
2 + n26
END
INGROUP
1 + n0
2 + n13
END
INGROUP
1 + n1
2 + n2
END
INGROUP
1 + n2
2 + n9
END
INGROUP
1 + n3
2 + n8
END
INGROUP
1 + n4
2 + n15
END
INGROUP
1 + n5
2 + n14
END
INGROUP
1 + n8
2 + n5
END
INGROUP
1 + n9
2 + n4
END
INGROUP
1 + n11
2 + n12
END
INGROUP
1 + n12
2 + n11
END
INGROUP
1 + n13
2 + n3
END
INGROUP
1 + n14
2 + n10
END
INGROUP
1 + n15
2 + n7
END
CONST0GROUP
2 + n0
2 - n1
2 - n6
END
