OUTGROUP
1 + n232
2 + n231
2 - n232
2 + n237
2 - n238
2 - n239
2 - n240
2 + n241
2 - n244
2 + n248
2 - n249
2 + n250
END
OUTGROUP
1 + n233
2 - n233
END
OUTGROUP
1 + n234
2 - n234
END
OUTGROUP
1 + n235
2 - n235
END
OUTGROUP
1 + n236
END
OUTGROUP
1 + n237
2 - n236
END
OUTGROUP
1 + n238
END
OUTGROUP
1 + n239
2 - n242
END
OUTGROUP
1 + n240
END
OUTGROUP
1 + n241
2 - n243
END
OUTGROUP
1 + n242
END
OUTGROUP
1 + n243
END
OUTGROUP
1 + n244
2 - n245
END
OUTGROUP
1 + n245
2 - n246
END
OUTGROUP
1 + n246
END
OUTGROUP
1 + n247
2 - n247
END
OUTGROUP
1 + n248
END
OUTGROUP
1 + n249
END
OUTGROUP
1 + n250
END
OUTGROUP
1 + n251
END
INGROUP
1 + n0
2 + n0
2 + n1
2 + n2
2 + n4
2 + n10
2 + n11
2 + n12
2 + n14
2 + n16
2 + n18
2 + n20
2 + n22
2 + n23
2 + n24
2 + n25
2 + n26
2 + n28
2 + n31
2 + n33
2 + n36
2 + n37
2 + n39
2 + n40
2 + n43
2 + n44
2 + n48
2 + n49
2 + n50
2 + n51
2 + n52
2 + n54
2 + n56
2 + n57
2 + n58
2 + n61
2 + n63
2 + n64
2 + n65
2 + n66
2 + n67
2 + n68
2 + n69
2 + n71
2 + n72
2 + n74
2 + n75
2 + n76
2 + n77
2 + n78
2 + n79
2 + n81
2 + n83
2 + n84
2 + n86
2 + n87
2 + n88
2 + n89
2 + n90
2 + n91
2 + n92
2 + n93
2 + n95
2 + n97
2 + n98
2 + n99
2 + n100
2 + n101
2 + n102
2 + n103
2 + n105
2 + n106
2 + n107
2 + n108
2 + n109
2 + n110
2 + n112
2 + n113
2 + n115
2 + n116
2 + n117
2 + n119
2 + n120
2 + n121
2 + n125
2 + n126
2 + n127
2 + n128
2 + n129
2 + n130
2 + n131
2 + n132
2 + n133
2 + n134
2 + n135
2 + n136
2 + n137
2 + n138
2 + n139
2 + n140
2 + n141
2 + n142
2 + n143
2 + n144
2 + n145
2 + n146
2 + n147
2 + n148
2 + n149
2 + n150
2 + n152
2 + n153
2 + n155
2 + n157
2 + n158
2 + n159
2 - n160
2 + n161
2 + n162
2 + n165
2 + n166
2 + n167
2 + n168
2 + n169
2 + n171
2 + n173
2 + n174
2 + n176
2 + n177
2 + n178
2 + n179
2 + n180
2 + n181
2 + n182
2 + n183
2 + n184
2 + n185
2 + n186
2 + n188
2 + n189
2 + n190
2 + n192
2 + n193
2 + n197
2 + n198
2 + n199
2 + n200
2 + n201
2 + n202
2 + n203
2 + n204
2 + n205
2 + n208
2 + n210
2 + n211
2 + n212
2 + n213
2 + n215
2 + n216
2 + n217
2 + n218
2 + n219
2 + n220
2 + n221
2 + n222
2 + n224
2 + n225
2 + n226
2 + n227
2 + n228
2 + n230
END
INGROUP
1 + n1
END
INGROUP
1 + n2
END
INGROUP
1 + n3
END
INGROUP
1 + n4
END
INGROUP
1 + n5
END
INGROUP
1 + n6
END
INGROUP
1 + n7
END
INGROUP
1 + n8
END
INGROUP
1 + n9
END
INGROUP
1 + n10
END
INGROUP
1 + n11
END
INGROUP
1 + n12
END
INGROUP
1 + n13
END
INGROUP
1 + n14
END
INGROUP
1 + n15
END
INGROUP
1 + n16
END
INGROUP
1 + n17
END
INGROUP
1 + n18
END
INGROUP
1 + n19
END
INGROUP
1 + n20
END
INGROUP
1 + n21
END
INGROUP
1 + n22
END
INGROUP
1 + n23
END
INGROUP
1 + n24
END
INGROUP
1 + n25
END
INGROUP
1 + n26
END
INGROUP
1 + n27
END
INGROUP
1 + n28
END
INGROUP
1 + n29
END
INGROUP
1 + n30
END
INGROUP
1 + n31
END
INGROUP
1 + n32
END
INGROUP
1 + n33
END
INGROUP
1 + n34
END
INGROUP
1 + n35
END
INGROUP
1 + n36
END
INGROUP
1 + n37
END
INGROUP
1 + n38
END
INGROUP
1 + n39
END
INGROUP
1 + n40
END
INGROUP
1 + n41
END
INGROUP
1 + n42
END
INGROUP
1 + n43
END
INGROUP
1 + n44
END
INGROUP
1 + n45
END
INGROUP
1 + n46
END
INGROUP
1 + n47
END
INGROUP
1 + n48
END
INGROUP
1 + n49
END
INGROUP
1 + n50
END
INGROUP
1 + n51
END
INGROUP
1 + n52
END
INGROUP
1 + n53
END
INGROUP
1 + n54
END
INGROUP
1 + n55
END
INGROUP
1 + n56
END
INGROUP
1 + n57
END
INGROUP
1 + n58
END
INGROUP
1 + n59
END
INGROUP
1 + n60
END
INGROUP
1 + n61
END
INGROUP
1 + n62
END
INGROUP
1 + n63
END
INGROUP
1 + n64
END
INGROUP
1 + n65
END
INGROUP
1 + n66
END
INGROUP
1 + n67
END
INGROUP
1 + n68
END
INGROUP
1 + n69
END
INGROUP
1 + n70
END
INGROUP
1 + n71
END
INGROUP
1 + n72
END
INGROUP
1 + n73
END
INGROUP
1 + n74
END
INGROUP
1 + n75
END
INGROUP
1 + n76
END
INGROUP
1 + n77
END
INGROUP
1 + n78
END
INGROUP
1 + n79
END
INGROUP
1 + n80
END
INGROUP
1 + n81
END
INGROUP
1 + n82
END
INGROUP
1 + n83
END
INGROUP
1 + n84
END
INGROUP
1 + n85
END
INGROUP
1 + n86
END
INGROUP
1 + n87
END
INGROUP
1 + n88
END
INGROUP
1 + n89
END
INGROUP
1 + n90
END
INGROUP
1 + n91
END
INGROUP
1 + n92
END
INGROUP
1 + n93
END
INGROUP
1 + n94
END
INGROUP
1 + n95
END
INGROUP
1 + n96
END
INGROUP
1 + n97
END
INGROUP
1 + n98
END
INGROUP
1 + n99
END
INGROUP
1 + n100
END
INGROUP
1 + n101
END
INGROUP
1 + n102
END
INGROUP
1 + n103
END
INGROUP
1 + n104
END
INGROUP
1 + n105
END
INGROUP
1 + n106
END
INGROUP
1 + n107
END
INGROUP
1 + n108
END
INGROUP
1 + n109
END
INGROUP
1 + n110
END
INGROUP
1 + n111
END
INGROUP
1 + n112
END
INGROUP
1 + n113
END
INGROUP
1 + n114
END
INGROUP
1 + n115
END
INGROUP
1 + n116
END
INGROUP
1 + n117
END
INGROUP
1 + n118
END
INGROUP
1 + n119
END
INGROUP
1 + n120
END
INGROUP
1 + n121
END
INGROUP
1 + n122
END
INGROUP
1 + n123
END
INGROUP
1 + n124
END
INGROUP
1 + n125
END
INGROUP
1 + n126
END
INGROUP
1 + n127
END
INGROUP
1 + n128
END
INGROUP
1 + n129
END
INGROUP
1 + n130
END
INGROUP
1 + n131
END
INGROUP
1 + n132
END
INGROUP
1 + n133
END
INGROUP
1 + n134
END
INGROUP
1 + n135
END
INGROUP
1 + n136
END
INGROUP
1 + n137
END
INGROUP
1 + n138
END
INGROUP
1 + n139
END
INGROUP
1 + n140
END
INGROUP
1 + n141
END
INGROUP
1 + n142
END
INGROUP
1 + n143
END
INGROUP
1 + n144
END
INGROUP
1 + n145
END
INGROUP
1 + n146
END
INGROUP
1 + n147
END
INGROUP
1 + n148
END
INGROUP
1 + n149
END
INGROUP
1 + n150
END
INGROUP
1 + n151
END
INGROUP
1 + n152
END
INGROUP
1 + n153
END
INGROUP
1 + n154
END
INGROUP
1 + n155
END
INGROUP
1 + n156
END
INGROUP
1 + n157
END
INGROUP
1 + n158
END
INGROUP
1 + n159
END
INGROUP
1 + n160
END
INGROUP
1 + n161
END
INGROUP
1 + n162
END
INGROUP
1 + n163
END
INGROUP
1 + n164
END
INGROUP
1 + n165
END
INGROUP
1 + n166
END
INGROUP
1 + n167
END
INGROUP
1 + n168
END
INGROUP
1 + n169
END
INGROUP
1 + n170
END
INGROUP
1 + n171
END
INGROUP
1 + n172
END
INGROUP
1 + n173
END
INGROUP
1 + n174
END
INGROUP
1 + n175
END
INGROUP
1 + n176
END
INGROUP
1 + n177
END
INGROUP
1 + n178
END
INGROUP
1 + n179
END
INGROUP
1 + n180
END
INGROUP
1 + n181
END
INGROUP
1 + n182
END
INGROUP
1 + n183
END
INGROUP
1 + n184
END
INGROUP
1 + n185
END
INGROUP
1 + n186
END
INGROUP
1 + n187
END
INGROUP
1 + n188
END
INGROUP
1 + n189
END
INGROUP
1 + n190
END
INGROUP
1 + n191
END
INGROUP
1 + n192
END
INGROUP
1 + n193
END
INGROUP
1 + n194
END
INGROUP
1 + n195
END
INGROUP
1 + n196
END
INGROUP
1 + n197
END
INGROUP
1 + n198
END
INGROUP
1 + n199
END
INGROUP
1 + n200
END
INGROUP
1 + n201
END
INGROUP
1 + n202
END
INGROUP
1 + n203
END
INGROUP
1 + n204
END
INGROUP
1 + n205
END
INGROUP
1 + n206
END
INGROUP
1 + n207
END
INGROUP
1 + n208
END
INGROUP
1 + n209
END
INGROUP
1 + n210
END
INGROUP
1 + n211
END
INGROUP
1 + n212
END
INGROUP
1 + n213
END
INGROUP
1 + n214
END
INGROUP
1 + n215
END
INGROUP
1 + n216
END
INGROUP
1 + n217
END
INGROUP
1 + n218
END
INGROUP
1 + n219
END
INGROUP
1 + n220
END
INGROUP
1 + n221
END
INGROUP
1 + n222
END
INGROUP
1 + n223
END
INGROUP
1 + n224
END
INGROUP
1 + n225
END
INGROUP
1 + n226
END
INGROUP
1 + n227
END
INGROUP
1 + n228
END
INGROUP
1 + n229
END
INGROUP
1 + n230
END
INGROUP
1 + n231
END
CONST0GROUP
2 + n3
2 + n5
2 + n6
2 - n7
2 + n8
2 + n9
2 + n13
2 + n15
2 + n17
2 + n19
2 - n21
2 + n27
2 - n29
2 + n30
2 + n32
2 - n34
2 - n35
2 - n38
2 + n41
2 - n42
2 + n45
2 + n46
2 + n47
2 - n53
2 + n55
2 - n59
2 - n60
2 + n62
2 + n70
2 + n73
2 + n80
2 + n82
2 + n85
2 + n94
2 - n96
2 + n104
2 - n111
2 - n114
2 + n118
2 + n122
2 - n123
2 + n124
2 - n151
2 + n154
2 - n156
2 - n163
2 + n164
2 + n170
2 + n172
2 - n175
2 - n187
2 - n191
2 + n194
2 + n195
2 - n196
2 - n206
2 - n207
2 + n209
2 + n214
2 + n223
2 + n229
END
