OUTGROUP
1 + n366
END
OUTGROUP
1 + n367
2 + n368
END
OUTGROUP
1 + n368
END
OUTGROUP
1 + n369
END
OUTGROUP
1 + n370
2 + n371
END
OUTGROUP
1 + n371
END
OUTGROUP
1 + n372
END
OUTGROUP
1 + n373
END
OUTGROUP
1 + n374
END
OUTGROUP
1 + n375
END
INGROUP
1 + n0
2 + n7
END
INGROUP
1 + n1
2 + n0
2 + n1
2 + n2
2 + n8
2 + n9
2 + n10
2 + n11
2 + n12
2 + n14
2 + n16
2 + n17
2 + n21
2 + n22
2 + n24
2 + n25
2 + n26
2 + n27
2 + n28
2 + n29
2 + n31
2 + n32
2 + n35
2 + n36
2 + n38
2 + n39
2 + n41
2 + n43
2 + n44
2 + n45
2 + n47
2 + n49
2 + n50
2 + n52
2 + n53
2 + n54
2 + n55
2 + n58
2 + n64
2 + n68
2 + n69
2 + n70
2 + n71
2 + n72
2 + n73
2 + n80
2 + n83
2 + n85
2 + n87
2 + n88
2 + n90
2 + n91
2 + n92
2 + n93
2 + n94
2 + n95
2 + n96
2 + n97
2 + n99
2 + n100
2 + n101
2 + n102
2 + n103
2 + n104
2 + n105
2 + n106
2 + n107
2 + n108
2 + n110
2 + n113
2 + n115
2 + n116
2 + n119
2 + n122
2 + n123
2 + n124
2 + n125
2 + n126
2 + n128
2 + n129
2 + n130
2 + n133
2 + n134
2 + n135
2 + n139
2 + n140
2 + n141
2 + n142
2 + n145
2 + n146
2 + n148
2 + n151
2 + n152
2 + n153
2 + n156
2 + n158
2 + n159
2 + n162
2 + n163
2 + n166
2 + n167
2 + n168
2 + n171
2 + n175
2 + n178
2 + n184
2 + n185
2 + n190
2 + n193
2 + n197
2 + n199
2 + n202
2 + n204
2 + n205
2 + n206
2 + n210
2 + n213
2 + n216
2 + n220
2 + n222
2 + n224
2 + n228
2 + n229
2 + n231
2 + n234
2 + n235
2 + n237
2 + n238
2 + n239
2 + n240
2 + n242
2 + n244
2 + n248
2 + n249
2 + n250
2 + n254
2 + n255
2 + n257
2 + n258
2 + n259
2 + n260
2 + n261
2 + n262
2 + n263
2 + n265
2 + n266
2 + n267
2 + n268
2 + n272
2 + n274
2 + n278
2 + n281
2 + n282
2 + n286
2 + n287
2 + n289
2 + n291
2 + n292
2 + n293
2 + n294
2 + n295
2 + n296
2 + n297
2 + n298
2 + n303
2 + n304
2 + n308
2 + n310
2 + n313
2 + n314
2 + n315
2 + n316
2 + n318
2 + n321
2 + n322
2 + n323
2 + n324
2 + n328
2 + n329
2 + n331
2 + n334
2 + n335
2 + n340
2 + n344
2 + n347
2 + n351
2 + n352
2 + n353
2 + n355
2 + n357
2 + n359
2 + n361
2 + n363
2 + n364
END
INGROUP
1 + n2
2 + n232
END
INGROUP
1 + n3
END
INGROUP
1 + n4
END
INGROUP
1 + n5
END
INGROUP
1 + n6
2 + n62
END
INGROUP
1 + n7
2 + n86
END
INGROUP
1 + n8
END
INGROUP
1 + n9
2 + n19
END
INGROUP
1 + n10
END
INGROUP
1 + n11
END
INGROUP
1 + n12
END
INGROUP
1 + n13
2 + n13
END
INGROUP
1 + n14
END
INGROUP
1 + n15
2 + n18
END
INGROUP
1 + n16
END
INGROUP
1 + n17
2 - n15
END
INGROUP
1 + n18
END
INGROUP
1 + n19
2 + n191
2 + n325
END
INGROUP
1 + n20
END
INGROUP
1 + n21
2 + n132
END
INGROUP
1 + n22
2 + n3
END
INGROUP
1 + n23
END
INGROUP
1 + n24
END
INGROUP
1 + n25
END
INGROUP
1 + n26
2 + n114
END
INGROUP
1 + n27
2 + n61
END
INGROUP
1 + n28
2 + n341
END
INGROUP
1 + n29
2 + n5
END
INGROUP
1 + n30
END
INGROUP
1 + n31
2 + n301
END
INGROUP
1 + n32
END
INGROUP
1 + n33
2 + n37
END
INGROUP
1 + n34
2 + n77
END
INGROUP
1 + n35
END
INGROUP
1 + n36
2 + n30
END
INGROUP
1 + n37
2 + n48
END
INGROUP
1 + n38
END
INGROUP
1 + n39
END
INGROUP
1 + n40
END
INGROUP
1 + n41
2 + n59
END
INGROUP
1 + n42
END
INGROUP
1 + n43
END
INGROUP
1 + n44
END
INGROUP
1 + n45
END
INGROUP
1 + n46
2 + n46
END
INGROUP
1 + n47
2 + n144
END
INGROUP
1 + n48
END
INGROUP
1 + n49
END
INGROUP
1 + n50
2 + n118
END
INGROUP
1 + n51
END
INGROUP
1 + n52
END
INGROUP
1 + n53
END
INGROUP
1 + n54
2 + n74
END
INGROUP
1 + n55
2 + n131
END
INGROUP
1 + n56
2 + n67
END
INGROUP
1 + n57
2 + n270
END
INGROUP
1 + n58
END
INGROUP
1 + n59
END
INGROUP
1 + n60
2 + n75
END
INGROUP
1 + n61
2 + n76
END
INGROUP
1 + n62
END
INGROUP
1 + n63
END
INGROUP
1 + n64
END
INGROUP
1 + n65
2 + n179
END
INGROUP
1 + n66
END
INGROUP
1 + n67
2 + n200
END
INGROUP
1 + n68
2 + n98
END
INGROUP
1 + n69
END
INGROUP
1 + n70
2 + n157
END
INGROUP
1 + n71
END
INGROUP
1 + n72
END
INGROUP
1 + n73
2 - n169
END
INGROUP
1 + n74
END
INGROUP
1 + n75
2 + n79
END
INGROUP
1 + n76
END
INGROUP
1 + n77
END
INGROUP
1 + n78
END
INGROUP
1 + n79
END
INGROUP
1 + n80
END
INGROUP
1 + n81
END
INGROUP
1 + n82
2 + n160
END
INGROUP
1 + n83
END
INGROUP
1 + n84
END
INGROUP
1 + n85
END
INGROUP
1 + n86
END
INGROUP
1 + n87
2 + n161
END
INGROUP
1 + n88
END
INGROUP
1 + n89
2 + n253
END
INGROUP
1 + n90
2 + n309
END
INGROUP
1 + n91
2 + n176
END
INGROUP
1 + n92
END
INGROUP
1 + n93
2 + n164
END
INGROUP
1 + n94
END
INGROUP
1 + n95
END
INGROUP
1 + n96
2 + n302
END
INGROUP
1 + n97
2 + n177
END
INGROUP
1 + n98
END
INGROUP
1 + n99
2 + n251
END
INGROUP
1 + n100
END
INGROUP
1 + n101
2 + n117
END
INGROUP
1 + n102
2 - n170
2 - n343
END
INGROUP
1 + n103
END
INGROUP
1 + n104
2 + n180
END
INGROUP
1 + n105
2 + n51
END
INGROUP
1 + n106
2 + n312
END
INGROUP
1 + n107
END
INGROUP
1 + n108
END
INGROUP
1 + n109
2 + n201
END
INGROUP
1 + n110
2 + n211
END
INGROUP
1 + n111
2 + n183
END
INGROUP
1 + n112
END
INGROUP
1 + n113
END
INGROUP
1 + n114
2 + n111
END
INGROUP
1 + n115
END
INGROUP
1 + n116
2 + n320
END
INGROUP
1 + n117
END
INGROUP
1 + n118
2 + n186
END
INGROUP
1 + n119
END
INGROUP
1 + n120
END
INGROUP
1 + n121
2 + n195
END
INGROUP
1 + n122
2 + n127
END
INGROUP
1 + n123
2 + n143
END
INGROUP
1 + n124
END
INGROUP
1 + n125
END
INGROUP
1 + n126
END
INGROUP
1 + n127
END
INGROUP
1 + n128
END
INGROUP
1 + n129
END
INGROUP
1 + n130
2 + n150
END
INGROUP
1 + n131
END
INGROUP
1 + n132
END
INGROUP
1 + n133
2 + n23
END
INGROUP
1 + n134
END
INGROUP
1 + n135
2 + n189
END
INGROUP
1 + n136
END
INGROUP
1 + n137
END
INGROUP
1 + n138
2 + n182
END
INGROUP
1 + n139
END
INGROUP
1 + n140
2 + n233
END
INGROUP
1 + n141
2 + n121
END
INGROUP
1 + n142
END
INGROUP
1 + n143
2 + n136
END
INGROUP
1 + n144
END
INGROUP
1 + n145
2 + n181
END
INGROUP
1 + n146
2 + n194
END
INGROUP
1 + n147
END
INGROUP
1 + n148
2 + n188
END
INGROUP
1 + n149
2 + n203
END
INGROUP
1 + n150
END
INGROUP
1 + n151
2 + n245
END
INGROUP
1 + n152
2 + n212
END
INGROUP
1 + n153
2 + n192
END
INGROUP
1 + n154
2 + n174
END
INGROUP
1 + n155
END
INGROUP
1 + n156
2 + n311
END
INGROUP
1 + n157
2 + n120
END
INGROUP
1 + n158
END
INGROUP
1 + n159
2 + n218
END
INGROUP
1 + n160
2 + n89
END
INGROUP
1 + n161
END
INGROUP
1 + n162
2 + n225
END
INGROUP
1 + n163
END
INGROUP
1 + n164
END
INGROUP
1 + n165
END
INGROUP
1 + n166
2 + n223
END
INGROUP
1 + n167
END
INGROUP
1 + n168
2 + n187
END
INGROUP
1 + n169
END
INGROUP
1 + n170
2 + n214
END
INGROUP
1 + n171
END
INGROUP
1 + n172
END
INGROUP
1 + n173
END
INGROUP
1 + n174
END
INGROUP
1 + n175
END
INGROUP
1 + n176
2 + n227
END
INGROUP
1 + n177
2 + n275
END
INGROUP
1 + n178
END
INGROUP
1 + n179
END
INGROUP
1 + n180
2 + n82
END
INGROUP
1 + n181
2 + n264
END
INGROUP
1 + n182
END
INGROUP
1 + n183
END
INGROUP
1 + n184
2 + n277
END
INGROUP
1 + n185
END
INGROUP
1 + n186
END
INGROUP
1 + n187
END
INGROUP
1 + n188
2 + n241
END
INGROUP
1 + n189
2 - n196
END
INGROUP
1 + n190
END
INGROUP
1 + n191
END
INGROUP
1 + n192
2 + n246
END
INGROUP
1 + n193
2 + n65
END
INGROUP
1 + n194
2 + n280
END
INGROUP
1 + n195
2 - n207
END
INGROUP
1 + n196
2 + n284
END
INGROUP
1 + n197
END
INGROUP
1 + n198
2 + n358
END
INGROUP
1 + n199
END
INGROUP
1 + n200
END
INGROUP
1 + n201
END
INGROUP
1 + n202
2 + n63
END
INGROUP
1 + n203
2 + n236
END
INGROUP
1 + n204
END
INGROUP
1 + n205
2 + n306
END
INGROUP
1 + n206
END
INGROUP
1 + n207
END
INGROUP
1 + n208
END
INGROUP
1 + n209
END
INGROUP
1 + n210
2 + n300
END
INGROUP
1 + n211
2 + n252
END
INGROUP
1 + n212
2 + n34
END
INGROUP
1 + n213
END
INGROUP
1 + n214
2 + n336
END
INGROUP
1 + n215
END
INGROUP
1 + n216
2 + n4
END
INGROUP
1 + n217
END
INGROUP
1 + n218
2 - n276
END
INGROUP
1 + n219
2 + n307
END
INGROUP
1 + n220
2 + n273
END
INGROUP
1 + n221
END
INGROUP
1 + n222
END
INGROUP
1 + n223
END
INGROUP
1 + n224
2 + n317
END
INGROUP
1 + n225
2 + n60
END
INGROUP
1 + n226
END
INGROUP
1 + n227
2 + n84
END
INGROUP
1 + n228
END
INGROUP
1 + n229
2 + n165
END
INGROUP
1 + n230
END
INGROUP
1 + n231
END
INGROUP
1 + n232
END
INGROUP
1 + n233
2 + n332
END
INGROUP
1 + n234
2 + n279
END
INGROUP
1 + n235
2 + n283
END
INGROUP
1 + n236
END
INGROUP
1 + n237
2 + n217
END
INGROUP
1 + n238
END
INGROUP
1 + n239
END
INGROUP
1 + n240
END
INGROUP
1 + n241
2 + n226
END
INGROUP
1 + n242
END
INGROUP
1 + n243
END
INGROUP
1 + n244
END
INGROUP
1 + n245
END
INGROUP
1 + n246
2 + n6
END
INGROUP
1 + n247
2 + n137
END
INGROUP
1 + n248
END
INGROUP
1 + n249
END
INGROUP
1 + n250
END
INGROUP
1 + n251
END
INGROUP
1 + n252
END
INGROUP
1 + n253
2 + n56
END
INGROUP
1 + n254
2 + n285
END
INGROUP
1 + n255
END
INGROUP
1 + n256
END
INGROUP
1 + n257
END
INGROUP
1 + n258
END
INGROUP
1 + n259
2 + n243
END
INGROUP
1 + n260
2 + n154
END
INGROUP
1 + n261
END
INGROUP
1 + n262
END
INGROUP
1 + n263
END
INGROUP
1 + n264
2 + n299
END
INGROUP
1 + n265
2 - n81
END
INGROUP
1 + n266
2 + n40
END
INGROUP
1 + n267
END
INGROUP
1 + n268
2 + n354
END
INGROUP
1 + n269
2 + n173
END
INGROUP
1 + n270
2 + n337
END
INGROUP
1 + n271
2 + n356
END
INGROUP
1 + n272
2 + n33
END
INGROUP
1 + n273
END
INGROUP
1 + n274
END
INGROUP
1 + n275
END
INGROUP
1 + n276
END
INGROUP
1 + n277
2 + n269
END
INGROUP
1 + n278
END
INGROUP
1 + n279
2 + n219
END
INGROUP
1 + n280
2 + n208
END
INGROUP
1 + n281
END
INGROUP
1 + n282
END
INGROUP
1 + n283
2 + n346
END
INGROUP
1 + n284
2 + n209
END
INGROUP
1 + n285
2 + n288
END
INGROUP
1 + n286
END
INGROUP
1 + n287
2 + n147
END
INGROUP
1 + n288
2 + n342
END
INGROUP
1 + n289
2 + n221
END
INGROUP
1 + n290
END
INGROUP
1 + n291
END
INGROUP
1 + n292
END
INGROUP
1 + n293
END
INGROUP
1 + n294
END
INGROUP
1 + n295
2 + n271
END
INGROUP
1 + n296
2 + n20
END
INGROUP
1 + n297
2 + n138
END
INGROUP
1 + n298
2 + n330
END
INGROUP
1 + n299
2 + n348
END
INGROUP
1 + n300
END
INGROUP
1 + n301
2 + n78
END
INGROUP
1 + n302
END
INGROUP
1 + n303
2 + n350
END
INGROUP
1 + n304
END
INGROUP
1 + n305
END
INGROUP
1 + n306
END
INGROUP
1 + n307
END
INGROUP
1 + n308
END
INGROUP
1 + n309
END
INGROUP
1 + n310
END
INGROUP
1 + n311
2 + n333
END
INGROUP
1 + n312
END
INGROUP
1 + n313
END
INGROUP
1 + n314
END
INGROUP
1 + n315
END
INGROUP
1 + n316
END
INGROUP
1 + n317
2 + n57
END
INGROUP
1 + n318
2 + n305
END
INGROUP
1 + n319
END
INGROUP
1 + n320
END
INGROUP
1 + n321
2 + n155
END
INGROUP
1 + n322
2 + n42
END
INGROUP
1 + n323
END
INGROUP
1 + n324
END
INGROUP
1 + n325
2 + n230
END
INGROUP
1 + n326
END
INGROUP
1 + n327
END
INGROUP
1 + n328
2 + n338
END
INGROUP
1 + n329
END
INGROUP
1 + n330
2 + n365
END
INGROUP
1 + n331
END
INGROUP
1 + n332
2 + n149
END
INGROUP
1 + n333
END
INGROUP
1 + n334
END
INGROUP
1 + n335
2 + n327
END
INGROUP
1 + n336
END
INGROUP
1 + n337
END
INGROUP
1 + n338
END
INGROUP
1 + n339
END
INGROUP
1 + n340
END
INGROUP
1 + n341
END
INGROUP
1 + n342
END
INGROUP
1 + n343
2 + n290
END
INGROUP
1 + n344
2 + n345
END
INGROUP
1 + n345
2 + n247
END
INGROUP
1 + n346
END
INGROUP
1 + n347
2 + n66
END
INGROUP
1 + n348
END
INGROUP
1 + n349
2 + n349
END
INGROUP
1 + n350
END
INGROUP
1 + n351
END
INGROUP
1 + n352
END
INGROUP
1 + n353
END
INGROUP
1 + n354
END
INGROUP
1 + n355
2 + n339
END
INGROUP
1 + n356
2 + n360
END
INGROUP
1 + n357
END
INGROUP
1 + n358
END
INGROUP
1 + n359
END
INGROUP
1 + n360
2 - n362
END
INGROUP
1 + n361
2 + n112
END
INGROUP
1 + n362
2 + n256
END
INGROUP
1 + n363
2 + n215
END
INGROUP
1 + n364
END
INGROUP
1 + n365
2 - n109
2 + n172
2 - n198
2 + n319
2 - n326
END
CONST0GROUP
END
