OUTGROUP
1 + n512
2 + n512
END
OUTGROUP
1 + n513
2 + n513
END
OUTGROUP
1 + n514
2 + n514
END
OUTGROUP
1 + n515
2 + n515
END
OUTGROUP
1 + n516
2 + n516
END
INGROUP
1 + n0
2 - n49
END
INGROUP
1 + n1
2 - n81
END
INGROUP
1 + n2
2 + n32
END
INGROUP
1 + n3
2 + n83
END
INGROUP
1 + n4
2 + n8
END
INGROUP
1 + n5
2 - n25
END
INGROUP
1 + n6
2 - n45
END
INGROUP
1 + n7
2 - n87
END
INGROUP
1 + n8
2 - n31
END
INGROUP
1 + n9
2 - n13
END
INGROUP
1 + n10
2 - n50
END
INGROUP
1 + n11
2 - n28
END
INGROUP
1 + n12
2 + n98
END
INGROUP
1 + n13
2 - n57
END
INGROUP
1 + n14
2 - n51
END
INGROUP
1 + n15
2 - n15
END
INGROUP
1 + n16
2 - n115
END
INGROUP
1 + n17
2 + n103
END
INGROUP
1 + n18
2 - n67
END
INGROUP
1 + n19
2 - n27
END
INGROUP
1 + n20
2 - n100
END
INGROUP
1 + n21
2 - n11
END
INGROUP
1 + n22
2 + n90
END
INGROUP
1 + n23
2 + n18
END
INGROUP
1 + n24
2 - n120
END
INGROUP
1 + n25
2 - n12
END
INGROUP
1 + n26
2 - n54
END
INGROUP
1 + n27
2 + n62
END
INGROUP
1 + n28
2 - n60
END
INGROUP
1 + n29
2 + n92
END
INGROUP
1 + n30
2 - n44
END
INGROUP
1 + n31
2 + n77
END
INGROUP
1 + n32
2 - n78
END
INGROUP
1 + n33
2 - n84
END
INGROUP
1 + n34
2 + n14
END
INGROUP
1 + n35
2 - n47
END
INGROUP
1 + n36
2 + n58
END
INGROUP
1 + n37
2 + n74
END
INGROUP
1 + n38
2 + n34
END
INGROUP
1 + n39
2 - n7
END
INGROUP
1 + n40
2 - n10
END
INGROUP
1 + n41
2 + n93
END
INGROUP
1 + n42
2 + n125
END
INGROUP
1 + n43
2 - n112
END
INGROUP
1 + n44
2 + n102
END
INGROUP
1 + n45
2 + n2
END
INGROUP
1 + n46
2 + n36
END
INGROUP
1 + n47
2 - n0
END
INGROUP
1 + n48
2 + n82
END
INGROUP
1 + n49
2 + n40
END
INGROUP
1 + n50
2 + n96
END
INGROUP
1 + n51
2 + n65
END
INGROUP
1 + n52
2 - n5
END
INGROUP
1 + n53
2 + n104
END
INGROUP
1 + n54
2 - n42
END
INGROUP
1 + n55
2 - n24
END
INGROUP
1 + n56
2 + n101
END
INGROUP
1 + n57
2 + n43
END
INGROUP
1 + n58
2 - n35
END
INGROUP
1 + n59
2 + n122
END
INGROUP
1 + n60
2 + n39
END
INGROUP
1 + n61
2 - n107
END
INGROUP
1 + n62
2 + n52
END
INGROUP
1 + n63
2 - n118
END
INGROUP
1 + n64
2 + n70
END
INGROUP
1 + n65
2 + n75
END
INGROUP
1 + n66
2 - n4
END
INGROUP
1 + n67
2 + n127
END
INGROUP
1 + n68
2 + n95
END
INGROUP
1 + n69
2 + n61
END
INGROUP
1 + n70
2 - n106
END
INGROUP
1 + n71
2 - n16
END
INGROUP
1 + n72
2 + n76
END
INGROUP
1 + n73
2 + n80
END
INGROUP
1 + n74
2 + n37
END
INGROUP
1 + n75
2 - n123
END
INGROUP
1 + n76
2 + n109
END
INGROUP
1 + n77
2 + n99
END
INGROUP
1 + n78
2 - n21
END
INGROUP
1 + n79
2 + n59
END
INGROUP
1 + n80
2 + n3
END
INGROUP
1 + n81
2 - n88
END
INGROUP
1 + n82
2 - n17
END
INGROUP
1 + n83
2 - n55
END
INGROUP
1 + n84
2 + n79
END
INGROUP
1 + n85
2 - n97
END
INGROUP
1 + n86
2 + n119
END
INGROUP
1 + n87
2 - n1
END
INGROUP
1 + n88
2 + n33
END
INGROUP
1 + n89
2 + n111
END
INGROUP
1 + n90
2 - n38
END
INGROUP
1 + n91
2 + n68
END
INGROUP
1 + n92
2 - n69
END
INGROUP
1 + n93
2 + n19
END
INGROUP
1 + n94
2 + n48
END
INGROUP
1 + n95
2 - n91
END
INGROUP
1 + n96
2 + n86
END
INGROUP
1 + n97
2 - n64
END
INGROUP
1 + n98
2 - n121
END
INGROUP
1 + n99
2 - n63
END
INGROUP
1 + n100
2 - n94
END
INGROUP
1 + n101
2 + n20
END
INGROUP
1 + n102
2 - n53
END
INGROUP
1 + n103
2 - n30
END
INGROUP
1 + n104
2 - n56
END
INGROUP
1 + n105
2 - n114
END
INGROUP
1 + n106
2 - n116
END
INGROUP
1 + n107
2 - n41
END
INGROUP
1 + n108
2 + n9
END
INGROUP
1 + n109
2 - n85
END
INGROUP
1 + n110
2 + n46
END
INGROUP
1 + n111
2 - n23
END
INGROUP
1 + n112
2 + n66
END
INGROUP
1 + n113
2 - n89
END
INGROUP
1 + n114
2 - n105
END
INGROUP
1 + n115
2 + n117
END
INGROUP
1 + n116
2 + n73
END
INGROUP
1 + n117
2 - n6
END
INGROUP
1 + n118
2 + n108
END
INGROUP
1 + n119
2 + n110
END
INGROUP
1 + n120
2 + n26
END
INGROUP
1 + n121
2 + n71
END
INGROUP
1 + n122
2 + n113
END
INGROUP
1 + n123
2 - n72
END
INGROUP
1 + n124
2 + n124
END
INGROUP
1 + n125
2 + n22
END
INGROUP
1 + n126
2 + n126
END
INGROUP
1 + n127
2 - n29
END
INGROUP
1 + n128
2 - n177
END
INGROUP
1 + n129
2 - n209
END
INGROUP
1 + n130
2 + n160
END
INGROUP
1 + n131
2 + n211
END
INGROUP
1 + n132
2 + n136
END
INGROUP
1 + n133
2 - n153
END
INGROUP
1 + n134
2 - n173
END
INGROUP
1 + n135
2 - n215
END
INGROUP
1 + n136
2 - n159
END
INGROUP
1 + n137
2 - n141
END
INGROUP
1 + n138
2 - n178
END
INGROUP
1 + n139
2 - n156
END
INGROUP
1 + n140
2 + n226
END
INGROUP
1 + n141
2 - n185
END
INGROUP
1 + n142
2 - n179
END
INGROUP
1 + n143
2 - n143
END
INGROUP
1 + n144
2 - n243
END
INGROUP
1 + n145
2 + n231
END
INGROUP
1 + n146
2 - n195
END
INGROUP
1 + n147
2 - n155
END
INGROUP
1 + n148
2 - n228
END
INGROUP
1 + n149
2 - n139
END
INGROUP
1 + n150
2 + n218
END
INGROUP
1 + n151
2 + n146
END
INGROUP
1 + n152
2 - n248
END
INGROUP
1 + n153
2 - n140
END
INGROUP
1 + n154
2 - n182
END
INGROUP
1 + n155
2 + n190
END
INGROUP
1 + n156
2 - n188
END
INGROUP
1 + n157
2 + n220
END
INGROUP
1 + n158
2 - n172
END
INGROUP
1 + n159
2 + n205
END
INGROUP
1 + n160
2 - n206
END
INGROUP
1 + n161
2 - n212
END
INGROUP
1 + n162
2 + n142
END
INGROUP
1 + n163
2 - n175
END
INGROUP
1 + n164
2 + n186
END
INGROUP
1 + n165
2 + n202
END
INGROUP
1 + n166
2 + n162
END
INGROUP
1 + n167
2 - n135
END
INGROUP
1 + n168
2 - n138
END
INGROUP
1 + n169
2 + n221
END
INGROUP
1 + n170
2 + n253
END
INGROUP
1 + n171
2 - n240
END
INGROUP
1 + n172
2 + n230
END
INGROUP
1 + n173
2 + n130
END
INGROUP
1 + n174
2 + n164
END
INGROUP
1 + n175
2 - n128
END
INGROUP
1 + n176
2 + n210
END
INGROUP
1 + n177
2 + n168
END
INGROUP
1 + n178
2 + n224
END
INGROUP
1 + n179
2 + n193
END
INGROUP
1 + n180
2 - n133
END
INGROUP
1 + n181
2 + n232
END
INGROUP
1 + n182
2 - n170
END
INGROUP
1 + n183
2 - n152
END
INGROUP
1 + n184
2 + n229
END
INGROUP
1 + n185
2 + n171
END
INGROUP
1 + n186
2 - n163
END
INGROUP
1 + n187
2 + n250
END
INGROUP
1 + n188
2 + n167
END
INGROUP
1 + n189
2 - n235
END
INGROUP
1 + n190
2 + n180
END
INGROUP
1 + n191
2 - n246
END
INGROUP
1 + n192
2 + n198
END
INGROUP
1 + n193
2 + n203
END
INGROUP
1 + n194
2 - n132
END
INGROUP
1 + n195
2 + n255
END
INGROUP
1 + n196
2 + n223
END
INGROUP
1 + n197
2 + n189
END
INGROUP
1 + n198
2 - n234
END
INGROUP
1 + n199
2 - n144
END
INGROUP
1 + n200
2 + n204
END
INGROUP
1 + n201
2 + n208
END
INGROUP
1 + n202
2 + n165
END
INGROUP
1 + n203
2 - n251
END
INGROUP
1 + n204
2 + n237
END
INGROUP
1 + n205
2 + n227
END
INGROUP
1 + n206
2 - n149
END
INGROUP
1 + n207
2 + n187
END
INGROUP
1 + n208
2 + n131
END
INGROUP
1 + n209
2 - n216
END
INGROUP
1 + n210
2 - n145
END
INGROUP
1 + n211
2 - n183
END
INGROUP
1 + n212
2 + n207
END
INGROUP
1 + n213
2 - n225
END
INGROUP
1 + n214
2 + n247
END
INGROUP
1 + n215
2 - n129
END
INGROUP
1 + n216
2 + n161
END
INGROUP
1 + n217
2 + n239
END
INGROUP
1 + n218
2 - n166
END
INGROUP
1 + n219
2 + n196
END
INGROUP
1 + n220
2 - n197
END
INGROUP
1 + n221
2 + n147
END
INGROUP
1 + n222
2 + n176
END
INGROUP
1 + n223
2 - n219
END
INGROUP
1 + n224
2 + n214
END
INGROUP
1 + n225
2 - n192
END
INGROUP
1 + n226
2 - n249
END
INGROUP
1 + n227
2 - n191
END
INGROUP
1 + n228
2 - n222
END
INGROUP
1 + n229
2 + n148
END
INGROUP
1 + n230
2 - n181
END
INGROUP
1 + n231
2 - n158
END
INGROUP
1 + n232
2 - n184
END
INGROUP
1 + n233
2 - n370
END
INGROUP
1 + n234
2 - n244
END
INGROUP
1 + n235
2 - n169
END
INGROUP
1 + n236
2 + n137
END
INGROUP
1 + n237
2 - n213
END
INGROUP
1 + n238
2 + n174
END
INGROUP
1 + n239
2 - n151
END
INGROUP
1 + n240
2 + n194
END
INGROUP
1 + n241
2 - n217
END
INGROUP
1 + n242
2 - n361
END
INGROUP
1 + n243
2 + n245
END
INGROUP
1 + n244
2 + n201
END
INGROUP
1 + n245
2 - n134
END
INGROUP
1 + n246
2 + n236
END
INGROUP
1 + n247
2 + n238
END
INGROUP
1 + n248
2 + n154
END
INGROUP
1 + n249
2 + n199
END
INGROUP
1 + n250
2 + n241
END
INGROUP
1 + n251
2 - n200
END
INGROUP
1 + n252
2 + n252
END
INGROUP
1 + n253
2 + n150
END
INGROUP
1 + n254
2 + n254
END
INGROUP
1 + n255
2 - n157
END
INGROUP
1 + n256
2 - n305
END
INGROUP
1 + n257
2 - n337
END
INGROUP
1 + n258
2 + n288
END
INGROUP
1 + n259
2 + n339
END
INGROUP
1 + n260
2 + n264
END
INGROUP
1 + n261
2 - n281
END
INGROUP
1 + n262
2 - n301
END
INGROUP
1 + n263
2 - n343
END
INGROUP
1 + n264
2 - n287
END
INGROUP
1 + n265
2 - n269
END
INGROUP
1 + n266
2 - n306
END
INGROUP
1 + n267
2 - n284
END
INGROUP
1 + n268
2 + n354
END
INGROUP
1 + n269
2 - n313
END
INGROUP
1 + n270
2 - n307
END
INGROUP
1 + n271
2 - n271
END
INGROUP
1 + n272
2 - n371
END
INGROUP
1 + n273
2 + n359
END
INGROUP
1 + n274
2 - n323
END
INGROUP
1 + n275
2 - n283
END
INGROUP
1 + n276
2 - n356
END
INGROUP
1 + n277
2 - n267
END
INGROUP
1 + n278
2 + n346
END
INGROUP
1 + n279
2 + n274
END
INGROUP
1 + n280
2 - n376
END
INGROUP
1 + n281
2 - n268
END
INGROUP
1 + n282
2 - n310
END
INGROUP
1 + n283
2 + n318
END
INGROUP
1 + n284
2 - n316
END
INGROUP
1 + n285
2 + n348
END
INGROUP
1 + n286
2 - n300
END
INGROUP
1 + n287
2 + n333
END
INGROUP
1 + n288
2 - n334
END
INGROUP
1 + n289
2 - n340
END
INGROUP
1 + n290
2 + n270
END
INGROUP
1 + n291
2 - n303
END
INGROUP
1 + n292
2 + n314
END
INGROUP
1 + n293
2 + n330
END
INGROUP
1 + n294
2 + n290
END
INGROUP
1 + n295
2 - n263
END
INGROUP
1 + n296
2 - n266
END
INGROUP
1 + n297
2 + n349
END
INGROUP
1 + n298
2 + n381
END
INGROUP
1 + n299
2 - n368
END
INGROUP
1 + n300
2 + n358
END
INGROUP
1 + n301
2 + n258
END
INGROUP
1 + n302
2 + n292
END
INGROUP
1 + n303
2 - n256
END
INGROUP
1 + n304
2 + n338
END
INGROUP
1 + n305
2 + n296
END
INGROUP
1 + n306
2 + n352
END
INGROUP
1 + n307
2 + n321
END
INGROUP
1 + n308
2 - n261
END
INGROUP
1 + n309
2 + n360
END
INGROUP
1 + n310
2 - n298
END
INGROUP
1 + n311
2 - n280
END
INGROUP
1 + n312
2 + n357
END
INGROUP
1 + n313
2 + n299
END
INGROUP
1 + n314
2 - n291
END
INGROUP
1 + n315
2 + n378
END
INGROUP
1 + n316
2 + n295
END
INGROUP
1 + n317
2 - n363
END
INGROUP
1 + n318
2 + n308
END
INGROUP
1 + n319
2 - n374
END
INGROUP
1 + n320
2 + n326
END
INGROUP
1 + n321
2 + n331
END
INGROUP
1 + n322
2 - n260
END
INGROUP
1 + n323
2 + n383
END
INGROUP
1 + n324
2 + n351
END
INGROUP
1 + n325
2 + n317
END
INGROUP
1 + n326
2 - n362
END
INGROUP
1 + n327
2 - n272
END
INGROUP
1 + n328
2 + n332
END
INGROUP
1 + n329
2 + n336
END
INGROUP
1 + n330
2 + n293
END
INGROUP
1 + n331
2 - n379
END
INGROUP
1 + n332
2 + n365
END
INGROUP
1 + n333
2 + n355
END
INGROUP
1 + n334
2 - n277
END
INGROUP
1 + n335
2 + n315
END
INGROUP
1 + n336
2 + n259
END
INGROUP
1 + n337
2 - n344
END
INGROUP
1 + n338
2 - n273
END
INGROUP
1 + n339
2 - n311
END
INGROUP
1 + n340
2 + n335
END
INGROUP
1 + n341
2 - n353
END
INGROUP
1 + n342
2 + n375
END
INGROUP
1 + n343
2 - n257
END
INGROUP
1 + n344
2 + n289
END
INGROUP
1 + n345
2 + n367
END
INGROUP
1 + n346
2 - n294
END
INGROUP
1 + n347
2 + n324
END
INGROUP
1 + n348
2 - n325
END
INGROUP
1 + n349
2 + n275
END
INGROUP
1 + n350
2 + n304
END
INGROUP
1 + n351
2 - n347
END
INGROUP
1 + n352
2 + n342
END
INGROUP
1 + n353
2 - n320
END
INGROUP
1 + n354
2 - n377
END
INGROUP
1 + n355
2 - n319
END
INGROUP
1 + n356
2 - n350
END
INGROUP
1 + n357
2 + n276
END
INGROUP
1 + n358
2 - n309
END
INGROUP
1 + n359
2 - n286
END
INGROUP
1 + n360
2 - n312
END
INGROUP
1 + n361
2 - n242
END
INGROUP
1 + n362
2 - n372
END
INGROUP
1 + n363
2 - n297
END
INGROUP
1 + n364
2 + n265
END
INGROUP
1 + n365
2 - n341
END
INGROUP
1 + n366
2 + n302
END
INGROUP
1 + n367
2 - n279
END
INGROUP
1 + n368
2 + n322
END
INGROUP
1 + n369
2 - n345
END
INGROUP
1 + n370
2 - n233
END
INGROUP
1 + n371
2 + n373
END
INGROUP
1 + n372
2 + n329
END
INGROUP
1 + n373
2 - n262
END
INGROUP
1 + n374
2 + n364
END
INGROUP
1 + n375
2 + n366
END
INGROUP
1 + n376
2 + n282
END
INGROUP
1 + n377
2 + n327
END
INGROUP
1 + n378
2 + n369
END
INGROUP
1 + n379
2 - n328
END
INGROUP
1 + n380
2 + n380
END
INGROUP
1 + n381
2 + n278
END
INGROUP
1 + n382
2 + n382
END
INGROUP
1 + n383
2 - n285
END
INGROUP
1 + n384
2 - n433
END
INGROUP
1 + n385
2 - n465
END
INGROUP
1 + n386
2 + n416
END
INGROUP
1 + n387
2 + n467
END
INGROUP
1 + n388
2 + n392
END
INGROUP
1 + n389
2 - n409
END
INGROUP
1 + n390
2 - n429
END
INGROUP
1 + n391
2 - n471
END
INGROUP
1 + n392
2 - n415
END
INGROUP
1 + n393
2 - n397
END
INGROUP
1 + n394
2 - n434
END
INGROUP
1 + n395
2 - n412
END
INGROUP
1 + n396
2 + n482
END
INGROUP
1 + n397
2 - n441
END
INGROUP
1 + n398
2 - n435
END
INGROUP
1 + n399
2 - n399
END
INGROUP
1 + n400
2 - n499
END
INGROUP
1 + n401
2 + n487
END
INGROUP
1 + n402
2 - n451
END
INGROUP
1 + n403
2 - n411
END
INGROUP
1 + n404
2 - n484
END
INGROUP
1 + n405
2 - n395
END
INGROUP
1 + n406
2 + n474
END
INGROUP
1 + n407
2 + n402
END
INGROUP
1 + n408
2 - n504
END
INGROUP
1 + n409
2 - n396
END
INGROUP
1 + n410
2 - n438
END
INGROUP
1 + n411
2 + n446
END
INGROUP
1 + n412
2 - n444
END
INGROUP
1 + n413
2 + n476
END
INGROUP
1 + n414
2 - n428
END
INGROUP
1 + n415
2 + n461
END
INGROUP
1 + n416
2 - n462
END
INGROUP
1 + n417
2 - n468
END
INGROUP
1 + n418
2 + n398
END
INGROUP
1 + n419
2 - n431
END
INGROUP
1 + n420
2 + n442
END
INGROUP
1 + n421
2 + n458
END
INGROUP
1 + n422
2 + n418
END
INGROUP
1 + n423
2 - n391
END
INGROUP
1 + n424
2 - n394
END
INGROUP
1 + n425
2 + n477
END
INGROUP
1 + n426
2 + n509
END
INGROUP
1 + n427
2 - n496
END
INGROUP
1 + n428
2 + n486
END
INGROUP
1 + n429
2 + n386
END
INGROUP
1 + n430
2 + n420
END
INGROUP
1 + n431
2 - n384
END
INGROUP
1 + n432
2 + n466
END
INGROUP
1 + n433
2 + n424
END
INGROUP
1 + n434
2 + n480
END
INGROUP
1 + n435
2 + n449
END
INGROUP
1 + n436
2 - n389
END
INGROUP
1 + n437
2 + n488
END
INGROUP
1 + n438
2 - n426
END
INGROUP
1 + n439
2 - n408
END
INGROUP
1 + n440
2 + n485
END
INGROUP
1 + n441
2 + n427
END
INGROUP
1 + n442
2 - n419
END
INGROUP
1 + n443
2 + n506
END
INGROUP
1 + n444
2 + n423
END
INGROUP
1 + n445
2 - n491
END
INGROUP
1 + n446
2 + n436
END
INGROUP
1 + n447
2 - n502
END
INGROUP
1 + n448
2 + n454
END
INGROUP
1 + n449
2 + n459
END
INGROUP
1 + n450
2 - n388
END
INGROUP
1 + n451
2 + n511
END
INGROUP
1 + n452
2 + n479
END
INGROUP
1 + n453
2 + n445
END
INGROUP
1 + n454
2 - n490
END
INGROUP
1 + n455
2 - n400
END
INGROUP
1 + n456
2 + n460
END
INGROUP
1 + n457
2 + n464
END
INGROUP
1 + n458
2 + n421
END
INGROUP
1 + n459
2 - n507
END
INGROUP
1 + n460
2 + n493
END
INGROUP
1 + n461
2 + n483
END
INGROUP
1 + n462
2 - n405
END
INGROUP
1 + n463
2 + n443
END
INGROUP
1 + n464
2 + n387
END
INGROUP
1 + n465
2 - n472
END
INGROUP
1 + n466
2 - n401
END
INGROUP
1 + n467
2 - n439
END
INGROUP
1 + n468
2 + n463
END
INGROUP
1 + n469
2 - n481
END
INGROUP
1 + n470
2 + n503
END
INGROUP
1 + n471
2 - n385
END
INGROUP
1 + n472
2 + n417
END
INGROUP
1 + n473
2 + n495
END
INGROUP
1 + n474
2 - n422
END
INGROUP
1 + n475
2 + n452
END
INGROUP
1 + n476
2 - n453
END
INGROUP
1 + n477
2 + n403
END
INGROUP
1 + n478
2 + n432
END
INGROUP
1 + n479
2 - n475
END
INGROUP
1 + n480
2 + n470
END
INGROUP
1 + n481
2 - n448
END
INGROUP
1 + n482
2 - n505
END
INGROUP
1 + n483
2 - n447
END
INGROUP
1 + n484
2 - n478
END
INGROUP
1 + n485
2 + n404
END
INGROUP
1 + n486
2 - n437
END
INGROUP
1 + n487
2 - n414
END
INGROUP
1 + n488
2 - n440
END
INGROUP
1 + n489
2 - n498
END
INGROUP
1 + n490
2 - n500
END
INGROUP
1 + n491
2 - n425
END
INGROUP
1 + n492
2 + n393
END
INGROUP
1 + n493
2 - n469
END
INGROUP
1 + n494
2 + n430
END
INGROUP
1 + n495
2 - n407
END
INGROUP
1 + n496
2 + n450
END
INGROUP
1 + n497
2 - n473
END
INGROUP
1 + n498
2 - n489
END
INGROUP
1 + n499
2 + n501
END
INGROUP
1 + n500
2 + n457
END
INGROUP
1 + n501
2 - n390
END
INGROUP
1 + n502
2 + n492
END
INGROUP
1 + n503
2 + n494
END
INGROUP
1 + n504
2 + n410
END
INGROUP
1 + n505
2 + n455
END
INGROUP
1 + n506
2 + n497
END
INGROUP
1 + n507
2 - n456
END
INGROUP
1 + n508
2 + n508
END
INGROUP
1 + n509
2 + n406
END
INGROUP
1 + n510
2 + n510
END
INGROUP
1 + n511
2 - n413
END
CONST0GROUP
END
